{
  "RSpec": {
    "coverage": {
      "/home/lucasaguilar832/workspace/treinadev-11/rails/inn-app/app/models/user.rb": {
        "lines": [
          1,
          null,
          null,
          1,
          null,
          null,
          1,
          1,
          1,
          null,
          1,
          null,
          1,
          null,
          1,
          null,
          1,
          null,
          1,
          214,
          null,
          null
        ]
      },
      "/home/lucasaguilar832/workspace/treinadev-11/rails/inn-app/app/models/application_record.rb": {
        "lines": [
          1,
          1,
          null
        ]
      },
      "/home/lucasaguilar832/workspace/treinadev-11/rails/inn-app/app/helpers/application_helper.rb": {
        "lines": [
          1,
          null
        ]
      },
      "/home/lucasaguilar832/workspace/treinadev-11/rails/inn-app/app/helpers/money_helper.rb": {
        "lines": [
          1,
          1,
          104,
          null,
          null
        ]
      },
      "/home/lucasaguilar832/workspace/treinadev-11/rails/inn-app/app/helpers/price_period_helper.rb": {
        "lines": [
          1,
          1,
          9,
          null,
          null,
          1,
          9,
          null,
          null
        ]
      },
      "/home/lucasaguilar832/workspace/treinadev-11/rails/inn-app/app/models/address.rb": {
        "lines": [
          1,
          1,
          null,
          1,
          null
        ]
      },
      "/home/lucasaguilar832/workspace/treinadev-11/rails/inn-app/app/models/guest_user.rb": {
        "lines": [
          1,
          1,
          null,
          1,
          null
        ]
      },
      "/home/lucasaguilar832/workspace/treinadev-11/rails/inn-app/app/models/inn_additional.rb": {
        "lines": [
          1,
          1,
          1,
          1,
          null
        ]
      },
      "/home/lucasaguilar832/workspace/treinadev-11/rails/inn-app/app/models/inn.rb": {
        "lines": [
          1,
          1,
          null,
          1,
          1,
          1,
          1,
          1,
          null,
          1,
          1,
          null,
          1,
          null,
          1,
          null,
          1,
          null,
          1,
          239,
          null,
          239,
          177,
          177,
          null,
          null,
          null,
          239,
          null,
          null,
          1,
          99,
          null,
          99,
          36,
          null,
          null,
          99,
          null,
          null,
          1,
          null,
          1,
          160,
          161,
          null,
          null,
          1,
          577,
          null,
          null,
          1,
          335,
          1,
          null,
          null,
          null
        ]
      },
      "/home/lucasaguilar832/workspace/treinadev-11/rails/inn-app/app/models/payment_method.rb": {
        "lines": [
          1,
          1,
          1,
          1,
          null
        ]
      },
      "/home/lucasaguilar832/workspace/treinadev-11/rails/inn-app/app/models/price_period.rb": {
        "lines": [
          1,
          1,
          1,
          1,
          1,
          1,
          null,
          1,
          null,
          1,
          23,
          23,
          5,
          5,
          2,
          null,
          5,
          0,
          null,
          null,
          null,
          null,
          null,
          1,
          23,
          21,
          2,
          null,
          null,
          null,
          null
        ]
      },
      "/home/lucasaguilar832/workspace/treinadev-11/rails/inn-app/app/models/reservation_additional.rb": {
        "lines": [
          1,
          1,
          1,
          null
        ]
      },
      "/home/lucasaguilar832/workspace/treinadev-11/rails/inn-app/app/models/reservation.rb": {
        "lines": [
          1,
          1,
          1,
          null,
          1,
          1,
          null,
          1,
          1,
          1,
          1,
          null,
          1,
          1,
          1,
          null,
          1,
          null,
          1,
          2,
          1,
          1,
          null,
          null,
          1,
          40,
          38,
          38,
          38,
          null,
          null,
          1,
          3,
          2,
          1,
          1,
          null,
          null,
          1,
          30,
          29,
          29,
          29,
          29,
          29,
          29,
          null,
          null,
          1,
          null,
          1,
          112,
          null,
          112,
          459,
          null,
          459,
          21,
          null,
          438,
          null,
          null,
          null,
          112,
          null,
          null,
          1,
          459,
          62,
          null,
          null,
          null,
          1,
          21,
          1,
          null,
          20,
          null,
          null,
          null,
          1,
          86,
          83,
          null,
          null,
          1,
          38,
          null,
          null,
          1,
          29,
          null,
          null,
          1,
          86,
          null,
          null,
          1,
          86,
          85,
          null,
          31,
          31,
          null,
          null,
          1,
          185,
          null,
          185,
          255,
          null,
          154,
          4,
          null,
          null,
          null,
          null,
          1,
          154,
          null,
          null,
          1,
          185,
          181,
          null,
          null,
          1,
          185,
          182,
          1,
          null,
          null,
          null,
          null
        ]
      },
      "/home/lucasaguilar832/workspace/treinadev-11/rails/inn-app/app/models/review.rb": {
        "lines": [
          1,
          1,
          null,
          1,
          1,
          1,
          null,
          1,
          null,
          1,
          null,
          1,
          26,
          24,
          1,
          null,
          null,
          null,
          null
        ]
      },
      "/home/lucasaguilar832/workspace/treinadev-11/rails/inn-app/app/models/room.rb": {
        "lines": [
          1,
          1,
          null,
          1,
          null,
          1,
          1,
          null,
          1,
          null
        ]
      },
      "/home/lucasaguilar832/workspace/treinadev-11/rails/inn-app/app/controllers/reservations_controller.rb": {
        "lines": [
          1,
          1,
          1,
          null,
          1,
          11,
          11,
          null,
          null,
          1,
          9,
          9,
          9,
          9,
          6,
          6,
          null,
          3,
          null,
          null,
          null,
          1,
          4,
          null,
          null,
          1,
          2,
          2,
          2,
          1,
          1,
          null,
          1,
          1,
          null,
          null,
          null,
          1,
          8,
          null,
          null,
          1,
          9,
          null,
          null,
          1,
          3,
          null,
          3,
          null,
          2,
          1,
          null,
          1,
          null,
          null,
          2,
          null,
          null,
          1,
          null,
          1,
          9,
          null,
          null
        ]
      },
      "/home/lucasaguilar832/workspace/treinadev-11/rails/inn-app/app/controllers/application_controller.rb": {
        "lines": [
          1,
          1,
          1,
          1,
          1,
          1,
          null,
          1,
          null,
          1,
          29,
          null,
          null,
          1,
          12,
          1,
          null,
          null,
          null,
          1,
          374,
          345,
          null,
          null,
          1,
          206,
          177,
          null,
          null,
          1,
          378,
          4,
          null,
          null,
          null
        ]
      },
      "/home/lucasaguilar832/workspace/treinadev-11/rails/inn-app/app/controllers/innkeeper/reservations_controller.rb": {
        "lines": [
          1,
          1,
          28,
          null,
          null,
          1,
          13,
          null,
          null,
          1,
          3,
          null,
          3,
          null,
          2,
          1,
          null,
          1,
          null,
          null,
          2,
          null,
          null,
          1,
          3,
          null,
          3,
          null,
          3,
          1,
          null,
          2,
          2,
          null,
          null,
          1,
          null,
          null,
          1,
          12,
          null,
          null,
          1,
          2,
          2,
          null,
          null,
          1,
          1,
          1,
          1,
          1,
          null,
          1,
          1,
          null,
          null
        ]
      },
      "/home/lucasaguilar832/workspace/treinadev-11/rails/inn-app/app/controllers/api/v1/inns_controller.rb": {
        "lines": [
          1,
          1,
          4,
          null,
          3,
          3,
          3,
          null,
          null,
          3,
          null,
          null,
          1,
          1,
          null,
          1,
          1,
          1,
          1,
          null,
          1,
          1,
          null,
          1,
          null,
          null,
          1,
          null,
          1,
          1,
          1,
          1,
          1,
          2,
          1,
          null,
          null
        ]
      },
      "/home/lucasaguilar832/workspace/treinadev-11/rails/inn-app/app/controllers/api/v1/api_controller.rb": {
        "lines": [
          1,
          1,
          1,
          null,
          1,
          null,
          1,
          2,
          null,
          null,
          1,
          1,
          null,
          null
        ]
      },
      "/home/lucasaguilar832/workspace/treinadev-11/rails/inn-app/app/controllers/api/v1/rooms_controller.rb": {
        "lines": [
          1,
          1,
          3,
          null,
          1,
          1,
          null,
          1,
          null,
          null,
          1,
          3,
          3,
          3,
          3,
          null,
          3,
          3,
          null,
          3,
          null,
          3,
          1,
          null,
          2,
          null,
          null,
          3,
          null,
          null
        ]
      },
      "/home/lucasaguilar832/workspace/treinadev-11/rails/inn-app/app/controllers/home_controller.rb": {
        "lines": [
          1,
          1,
          1,
          null,
          1,
          80,
          80,
          null,
          80,
          155,
          null,
          null
        ]
      },
      "/home/lucasaguilar832/workspace/treinadev-11/rails/inn-app/app/controllers/inns_controller.rb": {
        "lines": [
          1,
          1,
          1,
          1,
          1,
          1,
          null,
          1,
          10,
          10,
          null,
          null,
          1,
          20,
          20,
          19,
          null,
          null,
          1,
          2,
          2,
          2,
          2,
          2,
          null,
          2,
          2,
          2,
          null,
          2,
          1,
          1,
          1,
          null,
          1,
          1,
          null,
          null,
          null,
          1,
          null,
          1,
          null,
          1,
          2,
          2,
          null,
          2,
          1,
          1,
          null,
          1,
          1,
          null,
          null,
          null,
          1,
          2,
          2,
          2,
          null,
          null,
          1,
          2,
          2,
          null,
          null,
          1,
          5,
          5,
          5,
          5,
          13,
          null,
          5,
          null,
          null,
          1,
          null,
          1,
          38,
          null,
          null,
          1,
          4,
          null,
          null,
          1,
          4,
          null,
          null,
          1,
          2,
          null,
          null
        ]
      },
      "/home/lucasaguilar832/workspace/treinadev-11/rails/inn-app/app/controllers/guest_users_controller.rb": {
        "lines": [
          1,
          1,
          1,
          null,
          1,
          null,
          1,
          2,
          1,
          null,
          1,
          0,
          0,
          null,
          null,
          1,
          null,
          1,
          null,
          null,
          null,
          1,
          null,
          1,
          2,
          null,
          null
        ]
      },
      "/home/lucasaguilar832/workspace/treinadev-11/rails/inn-app/app/controllers/rooms_controller.rb": {
        "lines": [
          1,
          1,
          null,
          1,
          null,
          1,
          4,
          null,
          null,
          1,
          3,
          3,
          null,
          3,
          2,
          2,
          null,
          1,
          1,
          null,
          null,
          null,
          1,
          null,
          1,
          2,
          1,
          1,
          null,
          1,
          1,
          null,
          null,
          null,
          1,
          2,
          2,
          2,
          2,
          null,
          null,
          1,
          null,
          1,
          5,
          null,
          null,
          null,
          1,
          31,
          31,
          1,
          null,
          null,
          null
        ]
      },
      "/home/lucasaguilar832/workspace/treinadev-11/rails/inn-app/app/controllers/price_periods_controller.rb": {
        "lines": [
          1,
          1,
          1,
          null,
          1,
          null,
          1,
          3,
          null,
          null,
          1,
          3,
          3,
          3,
          1,
          1,
          null,
          2,
          2,
          null,
          null,
          null,
          1,
          null,
          1,
          1,
          1,
          1,
          null,
          0,
          0,
          null,
          null,
          null,
          1,
          1,
          1,
          1,
          null,
          null,
          1,
          null,
          1,
          4,
          null,
          null,
          1,
          17,
          null,
          null,
          1,
          4,
          4,
          1,
          null,
          null,
          null
        ]
      },
      "/home/lucasaguilar832/workspace/treinadev-11/rails/inn-app/app/controllers/payment_methods_controller.rb": {
        "lines": [
          1,
          1,
          null,
          1,
          2,
          null,
          null,
          1,
          2,
          2,
          null,
          2,
          1,
          null,
          1,
          1,
          null,
          null,
          null,
          1,
          null,
          1,
          2,
          1,
          null,
          1,
          1,
          null,
          null,
          null,
          1,
          1,
          1,
          null,
          0,
          null,
          null,
          null,
          1,
          null,
          1,
          4,
          null,
          null,
          1,
          7,
          7,
          7,
          1,
          null,
          null,
          null
        ]
      },
      "/home/lucasaguilar832/workspace/treinadev-11/rails/inn-app/app/controllers/inn_additionals_controller.rb": {
        "lines": [
          1,
          1,
          null,
          1,
          null,
          1,
          1,
          1,
          null,
          0,
          0,
          null,
          null,
          null,
          1,
          null,
          1,
          1,
          null,
          null,
          1,
          2,
          null,
          null
        ]
      },
      "/home/lucasaguilar832/workspace/treinadev-11/rails/inn-app/app/controllers/advanced_searches_controller.rb": {
        "lines": [
          1,
          1,
          1,
          1,
          null,
          1,
          null,
          1,
          11,
          null,
          null,
          1,
          null,
          1,
          7,
          7,
          6,
          4,
          4,
          3,
          3,
          3,
          3,
          null,
          null,
          1,
          9,
          9,
          9,
          9,
          9,
          9,
          9,
          9,
          9,
          null,
          null
        ]
      },
      "/home/lucasaguilar832/workspace/treinadev-11/rails/inn-app/app/controllers/reviews_controller.rb": {
        "lines": [
          1,
          1,
          1,
          null,
          1,
          1,
          null,
          null,
          1,
          1,
          1,
          null,
          1,
          1,
          1,
          null,
          1,
          1,
          1,
          null,
          0,
          null,
          null,
          null,
          1,
          1,
          1,
          null,
          null,
          1,
          null,
          1,
          1,
          null,
          null
        ]
      },
      "/home/lucasaguilar832/workspace/treinadev-11/rails/inn-app/app/controllers/innkeeper/reviews_controller.rb": {
        "lines": [
          1,
          1,
          5,
          null,
          null,
          1,
          2,
          2,
          null,
          null,
          1,
          1,
          1,
          null,
          1,
          1,
          null,
          null,
          1,
          null,
          1,
          3,
          3,
          3,
          null,
          null
        ]
      }
    },
    "timestamp": 1708960015
  }
}
